{"/Users/brosmar18/SoftwareDev/DeltaV/code-401/labs/class-31/todo-app/postcss.config.cjs": {"path":"/Users/brosmar18/SoftwareDev/DeltaV/code-401/labs/class-31/todo-app/postcss.config.cjs","statementMap":{"0":{"start":{"line":1,"column":0},"end":{"line":14,"column":null}}},"fnMap":{},"branchMap":{},"s":{"0":0},"f":{},"b":{}}
,"/Users/brosmar18/SoftwareDev/DeltaV/code-401/labs/class-31/todo-app/src/App.jsx": {"path":"/Users/brosmar18/SoftwareDev/DeltaV/code-401/labs/class-31/todo-app/src/App.jsx","statementMap":{"0":{"start":{"line":12,"column":12},"end":{"line":53,"column":null}},"1":{"start":{"line":14,"column":17},"end":{"line":24,"column":null}},"2":{"start":{"line":26,"column":17},"end":{"line":49,"column":null}}},"fnMap":{"0":{"name":"(anonymous_0)","decl":{"start":{"line":12,"column":12},"end":{"line":12,"column":null}},"loc":{"start":{"line":12,"column":12},"end":{"line":53,"column":null}}},"1":{"name":"(anonymous_1)","decl":{"start":{"line":14,"column":17},"end":{"line":14,"column":null}},"loc":{"start":{"line":14,"column":17},"end":{"line":24,"column":null}}}},"branchMap":{},"s":{"0":0,"1":0,"2":0},"f":{"0":0,"1":0},"b":{}}
,"/Users/brosmar18/SoftwareDev/DeltaV/code-401/labs/class-31/todo-app/src/Components/Footer/index.jsx": {"path":"/Users/brosmar18/SoftwareDev/DeltaV/code-401/labs/class-31/todo-app/src/Components/Footer/index.jsx","statementMap":{"0":{"start":{"line":5,"column":15},"end":{"line":15,"column":null}}},"fnMap":{"0":{"name":"(anonymous_0)","decl":{"start":{"line":5,"column":15},"end":{"line":5,"column":null}},"loc":{"start":{"line":5,"column":15},"end":{"line":15,"column":null}}}},"branchMap":{},"s":{"0":0},"f":{"0":0},"b":{}}
,"/Users/brosmar18/SoftwareDev/DeltaV/code-401/labs/class-31/todo-app/src/Components/Form/index.jsx": {"path":"/Users/brosmar18/SoftwareDev/DeltaV/code-401/labs/class-31/todo-app/src/Components/Form/index.jsx","statementMap":{"0":{"start":{"line":7,"column":13},"end":{"line":40,"column":null}},"1":{"start":{"line":8,"column":24},"end":{"line":8,"column":null}},"2":{"start":{"line":9,"column":28},"end":{"line":9,"column":null}},"3":{"start":{"line":10,"column":61},"end":{"line":10,"column":null}},"4":{"start":{"line":13,"column":8},"end":{"line":17,"column":null}},"5":{"start":{"line":23,"column":35},"end":{"line":23,"column":null}}},"fnMap":{"0":{"name":"(anonymous_0)","decl":{"start":{"line":7,"column":13},"end":{"line":7,"column":null}},"loc":{"start":{"line":7,"column":13},"end":{"line":40,"column":null}}},"1":{"name":"submitForm","decl":{"start":{"line":12,"column":13},"end":{"line":12,"column":24}},"loc":{"start":{"line":12,"column":30},"end":{"line":18,"column":null}}},"2":{"name":"(anonymous_2)","decl":{"start":{"line":23,"column":28},"end":{"line":23,"column":29}},"loc":{"start":{"line":23,"column":35},"end":{"line":23,"column":null}}}},"branchMap":{},"s":{"0":0,"1":0,"2":0,"3":0,"4":0,"5":0},"f":{"0":0,"1":0,"2":0},"b":{}}
,"/Users/brosmar18/SoftwareDev/DeltaV/code-401/labs/class-31/todo-app/src/Components/List/index.jsx": {"path":"/Users/brosmar18/SoftwareDev/DeltaV/code-401/labs/class-31/todo-app/src/Components/List/index.jsx","statementMap":{"0":{"start":{"line":6,"column":13},"end":{"line":40,"column":null}},"1":{"start":{"line":7,"column":40},"end":{"line":7,"column":null}},"2":{"start":{"line":8,"column":42},"end":{"line":8,"column":null}},"3":{"start":{"line":9,"column":48},"end":{"line":9,"column":null}},"4":{"start":{"line":11,"column":23},"end":{"line":11,"column":null}},"5":{"start":{"line":14,"column":4},"end":{"line":24,"column":null}},"6":{"start":{"line":16,"column":28},"end":{"line":18,"column":null}},"7":{"start":{"line":17,"column":12},"end":{"line":17,"column":null}},"8":{"start":{"line":21,"column":22},"end":{"line":21,"column":null}},"9":{"start":{"line":22,"column":20},"end":{"line":22,"column":null}},"10":{"start":{"line":23,"column":8},"end":{"line":23,"column":null}}},"fnMap":{"0":{"name":"(anonymous_0)","decl":{"start":{"line":6,"column":13},"end":{"line":6,"column":14}},"loc":{"start":{"line":6,"column":23},"end":{"line":40,"column":null}}},"1":{"name":"(anonymous_1)","decl":{"start":{"line":14,"column":14},"end":{"line":14,"column":null}},"loc":{"start":{"line":14,"column":14},"end":{"line":24,"column":7}}},"2":{"name":"(anonymous_2)","decl":{"start":{"line":16,"column":44},"end":{"line":16,"column":45}},"loc":{"start":{"line":16,"column":48},"end":{"line":18,"column":null}}}},"branchMap":{},"s":{"0":0,"1":0,"2":0,"3":0,"4":0,"5":0,"6":0,"7":0,"8":0,"9":0,"10":0},"f":{"0":0,"1":0,"2":0},"b":{}}
,"/Users/brosmar18/SoftwareDev/DeltaV/code-401/labs/class-31/todo-app/src/Components/Navbar/index.jsx": {"path":"/Users/brosmar18/SoftwareDev/DeltaV/code-401/labs/class-31/todo-app/src/Components/Navbar/index.jsx","statementMap":{"0":{"start":{"line":9,"column":15},"end":{"line":53,"column":null}},"1":{"start":{"line":10,"column":32},"end":{"line":10,"column":null}},"2":{"start":{"line":27,"column":42},"end":{"line":27,"column":null}},"3":{"start":{"line":34,"column":46},"end":{"line":34,"column":null}},"4":{"start":{"line":41,"column":55},"end":{"line":41,"column":null}}},"fnMap":{"0":{"name":"(anonymous_0)","decl":{"start":{"line":9,"column":15},"end":{"line":9,"column":null}},"loc":{"start":{"line":9,"column":15},"end":{"line":53,"column":null}}},"1":{"name":"(anonymous_2)","decl":{"start":{"line":27,"column":36},"end":{"line":27,"column":42}},"loc":{"start":{"line":27,"column":42},"end":{"line":27,"column":null}}},"2":{"name":"(anonymous_3)","decl":{"start":{"line":34,"column":40},"end":{"line":34,"column":46}},"loc":{"start":{"line":34,"column":46},"end":{"line":34,"column":null}}},"3":{"name":"(anonymous_5)","decl":{"start":{"line":41,"column":49},"end":{"line":41,"column":55}},"loc":{"start":{"line":41,"column":55},"end":{"line":41,"column":null}}}},"branchMap":{"0":{"loc":{"start":{"line":20,"column":59},"end":{"line":20,"column":93}},"type":"cond-expr","locations":[{"start":{"line":20,"column":77},"end":{"line":20,"column":83}},{"start":{"line":20,"column":83},"end":{"line":20,"column":93}}]},"1":{"loc":{"start":{"line":29,"column":17},"end":{"line":29,"column":null}},"type":"binary-expr","locations":[{"start":{"line":29,"column":17},"end":{"line":29,"column":null}}]},"2":{"loc":{"start":{"line":40,"column":44},"end":{"line":40,"column":78}},"type":"cond-expr","locations":[{"start":{"line":40,"column":62},"end":{"line":40,"column":68}},{"start":{"line":40,"column":68},"end":{"line":40,"column":78}}]}},"s":{"0":0,"1":0,"2":0,"3":0,"4":0},"f":{"0":0,"1":0,"2":0,"3":0},"b":{"0":[0,0],"1":[0],"2":[0,0]}}
,"/Users/brosmar18/SoftwareDev/DeltaV/code-401/labs/class-31/todo-app/src/Components/Todo/index.jsx": {"path":"/Users/brosmar18/SoftwareDev/DeltaV/code-401/labs/class-31/todo-app/src/Components/Todo/index.jsx","statementMap":{"0":{"start":{"line":6,"column":13},"end":{"line":91,"column":null}},"1":{"start":{"line":8,"column":26},"end":{"line":10,"column":null}},"2":{"start":{"line":11,"column":26},"end":{"line":11,"column":null}},"3":{"start":{"line":12,"column":38},"end":{"line":12,"column":null}},"4":{"start":{"line":13,"column":41},"end":{"line":13,"column":null}},"5":{"start":{"line":16,"column":4},"end":{"line":16,"column":null}},"6":{"start":{"line":17,"column":4},"end":{"line":17,"column":null}},"7":{"start":{"line":18,"column":4},"end":{"line":18,"column":null}},"8":{"start":{"line":19,"column":4},"end":{"line":19,"column":null}},"9":{"start":{"line":23,"column":18},"end":{"line":23,"column":null}},"10":{"start":{"line":23,"column":39},"end":{"line":23,"column":null}},"11":{"start":{"line":24,"column":4},"end":{"line":24,"column":null}},"12":{"start":{"line":29,"column":18},"end":{"line":34,"column":null}},"13":{"start":{"line":30,"column":6},"end":{"line":32,"column":null}},"14":{"start":{"line":31,"column":8},"end":{"line":31,"column":null}},"15":{"start":{"line":33,"column":6},"end":{"line":33,"column":null}},"16":{"start":{"line":36,"column":4},"end":{"line":36,"column":null}},"17":{"start":{"line":40,"column":2},"end":{"line":47,"column":null}},"18":{"start":{"line":41,"column":26},"end":{"line":41,"column":68}},"19":{"start":{"line":41,"column":46},"end":{"line":41,"column":60}},"20":{"start":{"line":42,"column":4},"end":{"line":42,"column":null}},"21":{"start":{"line":43,"column":4},"end":{"line":43,"column":null}},"22":{"start":{"line":84,"column":30},"end":{"line":84,"column":55}}},"fnMap":{"0":{"name":"(anonymous_0)","decl":{"start":{"line":6,"column":13},"end":{"line":6,"column":null}},"loc":{"start":{"line":6,"column":13},"end":{"line":91,"column":null}}},"1":{"name":"addItem","decl":{"start":{"line":15,"column":11},"end":{"line":15,"column":19}},"loc":{"start":{"line":15,"column":23},"end":{"line":20,"column":null}}},"2":{"name":"deleteItem","decl":{"start":{"line":22,"column":11},"end":{"line":22,"column":22}},"loc":{"start":{"line":22,"column":24},"end":{"line":25,"column":null}}},"3":{"name":"(anonymous_3)","decl":{"start":{"line":23,"column":31},"end":{"line":23,"column":39}},"loc":{"start":{"line":23,"column":39},"end":{"line":23,"column":null}}},"4":{"name":"toggleComplete","decl":{"start":{"line":27,"column":11},"end":{"line":27,"column":26}},"loc":{"start":{"line":27,"column":28},"end":{"line":38,"column":null}}},"5":{"name":"(anonymous_5)","decl":{"start":{"line":29,"column":28},"end":{"line":29,"column":null}},"loc":{"start":{"line":29,"column":28},"end":{"line":34,"column":null}}},"6":{"name":"(anonymous_6)","decl":{"start":{"line":40,"column":12},"end":{"line":40,"column":null}},"loc":{"start":{"line":40,"column":12},"end":{"line":47,"column":5}}},"7":{"name":"(anonymous_7)","decl":{"start":{"line":41,"column":38},"end":{"line":41,"column":46}},"loc":{"start":{"line":41,"column":46},"end":{"line":41,"column":60}}},"8":{"name":"(anonymous_9)","decl":{"start":{"line":84,"column":24},"end":{"line":84,"column":30}},"loc":{"start":{"line":84,"column":30},"end":{"line":84,"column":55}}}},"branchMap":{"0":{"loc":{"start":{"line":30,"column":6},"end":{"line":32,"column":null}},"type":"if","locations":[{"start":{"line":30,"column":6},"end":{"line":32,"column":null}},{"start":{"line":30,"column":6},"end":{"line":32,"column":null}}]}},"s":{"0":1,"1":2,"2":2,"3":2,"4":2,"5":0,"6":0,"7":0,"8":0,"9":0,"10":0,"11":0,"12":0,"13":0,"14":0,"15":0,"16":0,"17":2,"18":1,"19":0,"20":1,"21":1,"22":0},"f":{"0":2,"1":0,"2":0,"3":0,"4":0,"5":0,"6":1,"7":0,"8":0},"b":{"0":[0,0]}}
,"/Users/brosmar18/SoftwareDev/DeltaV/code-401/labs/class-31/todo-app/src/context/Settings/index.jsx": {"path":"/Users/brosmar18/SoftwareDev/DeltaV/code-401/labs/class-31/todo-app/src/context/Settings/index.jsx","statementMap":{"0":{"start":{"line":3,"column":24},"end":{"line":7,"column":null}},"1":{"start":{"line":9,"column":31},"end":{"line":9,"column":62}},"2":{"start":{"line":11,"column":32},"end":{"line":19,"column":2}},"3":{"start":{"line":12,"column":36},"end":{"line":12,"column":null}}},"fnMap":{"0":{"name":"(anonymous_0)","decl":{"start":{"line":11,"column":32},"end":{"line":11,"column":33}},"loc":{"start":{"line":11,"column":45},"end":{"line":19,"column":2}}}},"branchMap":{},"s":{"0":0,"1":0,"2":0,"3":0},"f":{"0":0},"b":{}}
,"/Users/brosmar18/SoftwareDev/DeltaV/code-401/labs/class-31/todo-app/src/context/TaskContext/index.jsx": {"path":"/Users/brosmar18/SoftwareDev/DeltaV/code-401/labs/class-31/todo-app/src/context/TaskContext/index.jsx","statementMap":{"0":{"start":{"line":3,"column":21},"end":{"line":3,"column":null}},"1":{"start":{"line":5,"column":24},"end":{"line":5,"column":55}},"2":{"start":{"line":5,"column":30},"end":{"line":5,"column":55}},"3":{"start":{"line":7,"column":29},"end":{"line":31,"column":2}},"4":{"start":{"line":8,"column":30},"end":{"line":8,"column":null}},"5":{"start":{"line":10,"column":20},"end":{"line":12,"column":null}},"6":{"start":{"line":11,"column":8},"end":{"line":11,"column":null}},"7":{"start":{"line":11,"column":35},"end":{"line":11,"column":null}},"8":{"start":{"line":14,"column":23},"end":{"line":16,"column":null}},"9":{"start":{"line":15,"column":8},"end":{"line":15,"column":null}},"10":{"start":{"line":15,"column":35},"end":{"line":15,"column":null}},"11":{"start":{"line":15,"column":65},"end":{"line":15,"column":null}},"12":{"start":{"line":18,"column":33},"end":{"line":24,"column":null}},"13":{"start":{"line":19,"column":8},"end":{"line":21,"column":null}},"14":{"start":{"line":20,"column":12},"end":{"line":21,"column":null}},"15":{"start":{"line":21,"column":16},"end":{"line":21,"column":null}}},"fnMap":{"0":{"name":"(anonymous_0)","decl":{"start":{"line":5,"column":24},"end":{"line":5,"column":30}},"loc":{"start":{"line":5,"column":30},"end":{"line":5,"column":55}}},"1":{"name":"(anonymous_1)","decl":{"start":{"line":7,"column":29},"end":{"line":7,"column":30}},"loc":{"start":{"line":7,"column":42},"end":{"line":31,"column":2}}},"2":{"name":"(anonymous_2)","decl":{"start":{"line":10,"column":20},"end":{"line":10,"column":21}},"loc":{"start":{"line":10,"column":21},"end":{"line":12,"column":null}}},"3":{"name":"(anonymous_3)","decl":{"start":{"line":11,"column":17},"end":{"line":11,"column":18}},"loc":{"start":{"line":11,"column":35},"end":{"line":11,"column":null}}},"4":{"name":"(anonymous_4)","decl":{"start":{"line":14,"column":23},"end":{"line":14,"column":24}},"loc":{"start":{"line":14,"column":24},"end":{"line":16,"column":null}}},"5":{"name":"(anonymous_5)","decl":{"start":{"line":15,"column":17},"end":{"line":15,"column":18}},"loc":{"start":{"line":15,"column":35},"end":{"line":15,"column":null}}},"6":{"name":"(anonymous_6)","decl":{"start":{"line":15,"column":55},"end":{"line":15,"column":56}},"loc":{"start":{"line":15,"column":65},"end":{"line":15,"column":null}}},"7":{"name":"(anonymous_7)","decl":{"start":{"line":18,"column":33},"end":{"line":18,"column":34}},"loc":{"start":{"line":18,"column":34},"end":{"line":24,"column":null}}},"8":{"name":"(anonymous_8)","decl":{"start":{"line":19,"column":17},"end":{"line":19,"column":18}},"loc":{"start":{"line":20,"column":12},"end":{"line":21,"column":null}}},"9":{"name":"(anonymous_9)","decl":{"start":{"line":20,"column":29},"end":{"line":20,"column":30}},"loc":{"start":{"line":21,"column":16},"end":{"line":21,"column":null}}}},"branchMap":{"0":{"loc":{"start":{"line":21,"column":16},"end":{"line":21,"column":null}},"type":"cond-expr","locations":[{"start":{"line":21,"column":33},"end":{"line":21,"column":73}},{"start":{"line":21,"column":73},"end":{"line":21,"column":null}}]}},"s":{"0":0,"1":0,"2":0,"3":0,"4":0,"5":0,"6":0,"7":0,"8":0,"9":0,"10":0,"11":0,"12":0,"13":0,"14":0,"15":0},"f":{"0":0,"1":0,"2":0,"3":0,"4":0,"5":0,"6":0,"7":0,"8":0,"9":0},"b":{"0":[0,0]}}
,"/Users/brosmar18/SoftwareDev/DeltaV/code-401/labs/class-31/todo-app/src/hooks/form.jsx": {"path":"/Users/brosmar18/SoftwareDev/DeltaV/code-401/labs/class-31/todo-app/src/hooks/form.jsx","statementMap":{"0":{"start":{"line":3,"column":16},"end":{"line":42,"column":null}},"1":{"start":{"line":5,"column":30},"end":{"line":5,"column":null}},"2":{"start":{"line":7,"column":23},"end":{"line":10,"column":null}},"3":{"start":{"line":8,"column":4},"end":{"line":8,"column":null}},"4":{"start":{"line":9,"column":4},"end":{"line":9,"column":null}},"5":{"start":{"line":12,"column":23},"end":{"line":31,"column":null}},"6":{"start":{"line":14,"column":4},"end":{"line":24,"column":null}},"7":{"start":{"line":15,"column":6},"end":{"line":15,"column":null}},"8":{"start":{"line":16,"column":6},"end":{"line":16,"column":null}},"9":{"start":{"line":18,"column":6},"end":{"line":18,"column":null}},"10":{"start":{"line":22,"column":6},"end":{"line":22,"column":null}},"11":{"start":{"line":23,"column":6},"end":{"line":23,"column":null}},"12":{"start":{"line":26,"column":4},"end":{"line":28,"column":null}},"13":{"start":{"line":27,"column":6},"end":{"line":27,"column":null}},"14":{"start":{"line":30,"column":4},"end":{"line":30,"column":null}},"15":{"start":{"line":30,"column":25},"end":{"line":30,"column":null}},"16":{"start":{"line":33,"column":2},"end":{"line":35,"column":null}},"17":{"start":{"line":34,"column":4},"end":{"line":34,"column":null}},"18":{"start":{"line":37,"column":2},"end":{"line":41,"column":null}}},"fnMap":{"0":{"name":"(anonymous_0)","decl":{"start":{"line":3,"column":16},"end":{"line":3,"column":17}},"loc":{"start":{"line":3,"column":43},"end":{"line":42,"column":null}}},"1":{"name":"(anonymous_1)","decl":{"start":{"line":7,"column":23},"end":{"line":7,"column":24}},"loc":{"start":{"line":7,"column":24},"end":{"line":10,"column":null}}},"2":{"name":"(anonymous_2)","decl":{"start":{"line":12,"column":23},"end":{"line":12,"column":24}},"loc":{"start":{"line":12,"column":24},"end":{"line":31,"column":null}}},"3":{"name":"(anonymous_3)","decl":{"start":{"line":30,"column":14},"end":{"line":30,"column":25}},"loc":{"start":{"line":30,"column":25},"end":{"line":30,"column":null}}},"4":{"name":"(anonymous_4)","decl":{"start":{"line":33,"column":13},"end":{"line":33,"column":null}},"loc":{"start":{"line":33,"column":13},"end":{"line":35,"column":5}}}},"branchMap":{"0":{"loc":{"start":{"line":3,"column":27},"end":{"line":3,"column":43}},"type":"default-arg","locations":[{"start":{"line":3,"column":41},"end":{"line":3,"column":43}}]},"1":{"loc":{"start":{"line":14,"column":4},"end":{"line":24,"column":null}},"type":"if","locations":[{"start":{"line":14,"column":4},"end":{"line":24,"column":null}},{"start":{"line":17,"column":11},"end":{"line":24,"column":null}}]},"2":{"loc":{"start":{"line":26,"column":4},"end":{"line":28,"column":null}},"type":"if","locations":[{"start":{"line":26,"column":4},"end":{"line":28,"column":null}},{"start":{"line":26,"column":4},"end":{"line":28,"column":null}}]}},"s":{"0":1,"1":2,"2":2,"3":0,"4":0,"5":2,"6":0,"7":0,"8":0,"9":0,"10":0,"11":0,"12":0,"13":0,"14":0,"15":0,"16":2,"17":1,"18":2},"f":{"0":2,"1":0,"2":0,"3":0,"4":1},"b":{"0":[0],"1":[0,0],"2":[0,0]}}
,"/Users/brosmar18/SoftwareDev/DeltaV/code-401/labs/class-31/todo-app/src/pages/Account.jsx": {"path":"/Users/brosmar18/SoftwareDev/DeltaV/code-401/labs/class-31/todo-app/src/pages/Account.jsx","statementMap":{"0":{"start":{"line":3,"column":16},"end":{"line":7,"column":null}}},"fnMap":{"0":{"name":"(anonymous_0)","decl":{"start":{"line":3,"column":16},"end":{"line":3,"column":null}},"loc":{"start":{"line":3,"column":16},"end":{"line":7,"column":null}}}},"branchMap":{},"s":{"0":0},"f":{"0":0},"b":{}}
,"/Users/brosmar18/SoftwareDev/DeltaV/code-401/labs/class-31/todo-app/src/pages/Calendar.jsx": {"path":"/Users/brosmar18/SoftwareDev/DeltaV/code-401/labs/class-31/todo-app/src/pages/Calendar.jsx","statementMap":{"0":{"start":{"line":3,"column":17},"end":{"line":7,"column":null}}},"fnMap":{"0":{"name":"(anonymous_0)","decl":{"start":{"line":3,"column":17},"end":{"line":3,"column":null}},"loc":{"start":{"line":3,"column":17},"end":{"line":7,"column":null}}}},"branchMap":{},"s":{"0":0},"f":{"0":0},"b":{}}
,"/Users/brosmar18/SoftwareDev/DeltaV/code-401/labs/class-31/todo-app/src/pages/Tasks.jsx": {"path":"/Users/brosmar18/SoftwareDev/DeltaV/code-401/labs/class-31/todo-app/src/pages/Tasks.jsx","statementMap":{"0":{"start":{"line":3,"column":14},"end":{"line":7,"column":null}}},"fnMap":{"0":{"name":"(anonymous_0)","decl":{"start":{"line":3,"column":14},"end":{"line":3,"column":null}},"loc":{"start":{"line":3,"column":14},"end":{"line":7,"column":null}}}},"branchMap":{},"s":{"0":0},"f":{"0":0},"b":{}}
,"/Users/brosmar18/SoftwareDev/DeltaV/code-401/labs/class-31/todo-app/src/pages/Home/index.jsx": {"path":"/Users/brosmar18/SoftwareDev/DeltaV/code-401/labs/class-31/todo-app/src/pages/Home/index.jsx","statementMap":{"0":{"start":{"line":7,"column":13},"end":{"line":16,"column":null}},"1":{"start":{"line":8,"column":29},"end":{"line":8,"column":null}}},"fnMap":{"0":{"name":"(anonymous_0)","decl":{"start":{"line":7,"column":13},"end":{"line":7,"column":null}},"loc":{"start":{"line":7,"column":13},"end":{"line":16,"column":null}}}},"branchMap":{},"s":{"0":0,"1":0},"f":{"0":0},"b":{}}
}
